[debug] [2017-11-13T07:17:39.301Z] ----------------------------------------------------------------------
[debug] [2017-11-13T07:17:39.304Z] Command:       C:\Program Files\nodejs\node.exe C:\Users\tpdle\AppData\Roaming\npm\node_modules\firebase-tools\bin\firebase init
[debug] [2017-11-13T07:17:39.305Z] CLI Version:   3.15.0
[debug] [2017-11-13T07:17:39.305Z] Platform:      win32
[debug] [2017-11-13T07:17:39.305Z] Node Version:  v6.10.3
[debug] [2017-11-13T07:17:39.305Z] Time:          Mon Nov 13 2017 16:17:39 GMT+0900 (대한민국 표준시)
[debug] [2017-11-13T07:17:39.305Z] ----------------------------------------------------------------------
[debug] 
[debug] [2017-11-13T07:17:39.310Z] > command requires scopes: ["email","openid","https://www.googleapis.com/auth/cloudplatformprojects.readonly","https://www.googleapis.com/auth/firebase"]
[debug] [2017-11-13T07:17:39.310Z] > authorizing via signed-in user
[info] 
     ######## #### ########  ######## ########     ###     ######  ########
     ##        ##  ##     ## ##       ##     ##  ##   ##  ##       ##
     ######    ##  ########  ######   ########  #########  ######  ######
     ##        ##  ##    ##  ##       ##     ## ##     ##       ## ##
     ##       #### ##     ## ######## ########  ##     ##  ######  ########

You're about to initialize a Firebase project in this directory:

  C:\Users\tpdle\dev\react

Before we get started, keep in mind:

  * You are initializing in an existing Firebase project directory

[info] 
=== Project Setup
[info] 
[info] First, let's associate this project directory with a Firebase project.
[info] You can create multiple project aliases by running firebase use --add, 
[info] but for now we'll just set up a default project.
[info] 
[debug] [2017-11-13T07:18:03.264Z] >>> HTTP REQUEST GET https://admin.firebase.com/v1/projects  
 Mon Nov 13 2017 16:18:03 GMT+0900 (대한민국 표준시)
[debug] [2017-11-13T07:18:04.116Z] <<< HTTP RESPONSE 200
[info] i  .firebaserc already has a default project, skipping
[info] 
=== Database Setup
[info] 
[info] Firebase Realtime Database Rules allow you to define how your data should be
[info] structured and when your data can be read from and written to.
[info] 
[info] +  Database Rules for undefined have been downloaded to y.
[info] Future modifications to y will update Database Rules when you run
[info] firebase deploy.
[info] 
=== Firestore Setup
[info] 
[info] Firestore Security Rules allow you to define how and when to allow
[info] requests. You can keep these rules in your project directory
[info] and publish them with firebase deploy.
[info] 
[info] 
[info] Firestore indexes allow you to perform complex queries while
[info] maintaining performance that scales with the size of the result
[info] set. You can keep index definitions in your project directory
[info] and publish them with firebase deploy.
[info] 
[info] 
=== Functions Setup
[info] 
[info] A functions directory will be created in your project with a Node.js
[info] package pre-configured. Functions can be deployed with firebase deploy.
[info] 
[debug] [2017-11-13T07:18:11.430Z] > command requires scopes: ["email","openid","https://www.googleapis.com/auth/cloudplatformprojects.readonly","https://www.googleapis.com/auth/firebase","https://www.googleapis.com/auth/cloud-platform"]
[debug] [2017-11-13T07:18:11.430Z] > authorizing via signed-in user
[debug] [2017-11-13T07:18:11.430Z] > refreshing access token with scopes: ["email","https://www.googleapis.com/auth/cloud-platform","https://www.googleapis.com/auth/cloudplatformprojects.readonly","https://www.googleapis.com/auth/firebase","openid"]
[debug] [2017-11-13T07:18:11.430Z] >>> HTTP REQUEST POST https://www.googleapis.com/oauth2/v3/token { refresh_token: '1/UmxV4cCGQL-GysCr5cGSRfJ1ttkrZ_gLeymvbbuAWqA',
  client_id: '563584335869-fgrhgmd47bqnekij5i8b5pr03ho849e6.apps.googleusercontent.com',
  client_secret: 'j9iVZfS8kkCEFUPaAeJV0sAi',
  grant_type: 'refresh_token',
  scope: 'email https://www.googleapis.com/auth/cloud-platform https://www.googleapis.com/auth/cloudplatformprojects.readonly https://www.googleapis.com/auth/firebase openid' } 
 Mon Nov 13 2017 16:18:11 GMT+0900 (대한민국 표준시)
[debug] [2017-11-13T07:18:11.695Z] <<< HTTP RESPONSE 200
[debug] [2017-11-13T07:18:11.714Z] >>> HTTP REQUEST GET https://admin.firebase.com/v1/projects/movieinfo-4e81d  
 Mon Nov 13 2017 16:18:11 GMT+0900 (대한민국 표준시)
[debug] [2017-11-13T07:18:12.322Z] <<< HTTP RESPONSE 200
[debug] [2017-11-13T07:18:12.322Z] >>> HTTP REQUEST GET https://admin.firebase.com/v1/database/movieinfo-4e81d/tokens  
 Mon Nov 13 2017 16:18:12 GMT+0900 (대한민국 표준시)
[debug] [2017-11-13T07:18:13.185Z] <<< HTTP RESPONSE 200
[debug] [2017-11-13T07:18:13.185Z] >>> HTTP REQUEST PATCH https://servicemanagement.googleapis.com/v1/services/cloudfunctions.googleapis.com/projectSettings/movieinfo-4e81d?updateMask=usageSettings { usageSettings: { consumerEnableStatus: 'ENABLED' } } 
 Mon Nov 13 2017 16:18:13 GMT+0900 (대한민국 표준시)
[debug] [2017-11-13T07:18:13.185Z] >>> HTTP REQUEST PATCH https://servicemanagement.googleapis.com/v1/services/runtimeconfig.googleapis.com/projectSettings/movieinfo-4e81d?updateMask=usageSettings { usageSettings: { consumerEnableStatus: 'ENABLED' } } 
 Mon Nov 13 2017 16:18:13 GMT+0900 (대한민국 표준시)
[info] +  Wrote functions/package.json
[info] +  Wrote functions/index.js
[debug] [2017-11-13T07:18:14.859Z] <<< HTTP RESPONSE 200
[debug] [2017-11-13T07:18:14.987Z] <<< HTTP RESPONSE 200
[info] 
=== Hosting Setup
[info] 
[info] Your public directory is the folder (relative to your project directory) that
[info] will contain Hosting assets to be uploaded with firebase deploy. If you
[info] have a build process for your assets, use your build's output directory.
[info] 
[debug] [2017-11-13T07:21:23.741Z] >>> HTTP REQUEST GET https://www.gstatic.com/firebasejs/releases.json  
 Mon Nov 13 2017 16:21:23 GMT+0900 (대한민국 표준시)
[debug] [2017-11-13T07:21:24.126Z] <<< HTTP RESPONSE 200
[debug] [2017-11-13T07:21:24.395Z] Error: ENOENT: no such file or directory, open 'C:\Users\tpdle\dev\react\y\index.html'
    at Error (native)
    at Object.fs.openSync (fs.js:641:18)
    at Object.fs.writeFileSync (fs.js:1347:33)
    at Object.createFileSync (C:\Users\tpdle\AppData\Roaming\npm\node_modules\firebase-tools\node_modules\fs-extra\lib\ensure\file.js:34:6)
    at Config.writeProjectFile (C:\Users\tpdle\AppData\Roaming\npm\node_modules\firebase-tools\lib\config.js:169:6)
    at C:\Users\tpdle\AppData\Roaming\npm\node_modules\firebase-tools\lib\config.js:189:12
    at tryCatch (C:\Users\tpdle\AppData\Roaming\npm\node_modules\firebase-tools\node_modules\rsvp\dist\rsvp.js:525:12)
    at invokeCallback (C:\Users\tpdle\AppData\Roaming\npm\node_modules\firebase-tools\node_modules\rsvp\dist\rsvp.js:538:13)
    at C:\Users\tpdle\AppData\Roaming\npm\node_modules\firebase-tools\node_modules\rsvp\dist\rsvp.js:606:14
    at flush (C:\Users\tpdle\AppData\Roaming\npm\node_modules\firebase-tools\node_modules\rsvp\dist\rsvp.js:2415:5)
[error] 
[error] Error: An unexpected error has occurred.
